Using pre-set license
Built from '2020.3/staging' branch; Version is '2020.3.4f1 (0abb6314276a) revision 703331'; Using compiler version '192528614'; Build Type 'Release'
OS: 'Windows 10 Home; OS build 19042.1052; Version 2009; 64bit' Language: 'ko' Physical Memory: 16293 MB
BatchMode: 1, IsHumanControllingUs: 0, StartBugReporterOnCrash: 0, Is64bit: 1, IsPro: 0

 COMMAND LINE ARGUMENTS:
C:\Program Files\Unity\Hub\Editor\2020.3.4f1\Editor\Unity.exe
-adb2
-batchMode
-noUpm
-name
AssetImportWorker0
-projectPath
C:/Users/User/photon server
-logFile
Logs/AssetImportWorker0.log
-srvPort
11144
Successfully changed project path to: C:/Users/User/photon server
C:/Users/User/photon server
Using Asset Import Pipeline V2.
Refreshing native plugins compatible for Editor in 24.00 ms, found 0 plugins.
Preloading 0 native plugins for Editor in 0.00 ms.
Initialize engine version: 2020.3.4f1 (0abb6314276a)
[Subsystems] Discovering subsystems at path C:/Program Files/Unity/Hub/Editor/2020.3.4f1/Editor/Data/Resources/UnitySubsystems
[Subsystems] Discovering subsystems at path C:/Users/User/photon server/Assets
GfxDevice: creating device client; threaded=0
Direct3D:
    Version:  Direct3D 11.0 [level 11.1]
    Renderer: NVIDIA GeForce RTX 3070 (ID=0x2484)
    Vendor:   
    VRAM:     8043 MB
    Driver:   27.21.14.6589
Initialize mono
Mono path[0] = 'C:/Program Files/Unity/Hub/Editor/2020.3.4f1/Editor/Data/Managed'
Mono path[1] = 'C:/Program Files/Unity/Hub/Editor/2020.3.4f1/Editor/Data/MonoBleedingEdge/lib/mono/unityjit'
Mono config path = 'C:/Program Files/Unity/Hub/Editor/2020.3.4f1/Editor/Data/MonoBleedingEdge/etc'
Using monoOptions --debugger-agent=transport=dt_socket,embedding=1,server=y,suspend=n,address=127.0.0.1:56448
Begin MonoManager ReloadAssembly
Registering precompiled unity dll's ...
Register platform support module: C:/Program Files/Unity/Hub/Editor/2020.3.4f1/Editor/Data/PlaybackEngines/WindowsStandaloneSupport/UnityEditor.WindowsStandalone.Extensions.dll
Registered in 0.001913 seconds.
Native extension for WindowsStandalone target not found
Refreshing native plugins compatible for Editor in 23.70 ms, found 0 plugins.
Preloading 0 native plugins for Editor in 0.00 ms.
Mono: successfully reloaded assembly
- Completed reload, in  0.921 seconds
Platform modules already initialized, skipping
Registering precompiled user dll's ...
Registered in 0.002289 seconds.
Begin MonoManager ReloadAssembly
Native extension for WindowsStandalone target not found
Refreshing native plugins compatible for Editor in 0.25 ms, found 0 plugins.
Preloading 0 native plugins for Editor in 0.00 ms.
Mono: successfully reloaded assembly
- Completed reload, in  0.690 seconds
Platform modules already initialized, skipping
========================================================================
Worker process is ready to serve import requests
Launched and connected shader compiler UnityShaderCompiler.exe after 0.05 seconds
Refreshing native plugins compatible for Editor in 0.27 ms, found 0 plugins.
Preloading 0 native plugins for Editor in 0.00 ms.
Unloading 1342 Unused Serialized files (Serialized files now loaded: 0)
System memory in use before: 66.9 MB.
System memory in use after: 67.0 MB.

Unloading 16 unused Assets to reduce memory usage. Loaded Objects now: 1780.
Total: 1.369000 ms (FindLiveObjects: 0.141600 ms CreateObjectMapping: 0.029500 ms MarkObjects: 1.139300 ms  DeleteObjects: 0.057800 ms)

========================================================================
Received Import Request.
  path: Assets/NetworkManager.cs
  artifactKey: Guid(87c8583d9afc3c84bbfdb95782e120ec) Importer(815301076,1909f56bfc062723c751e8b465ee728b)
Start importing Assets/NetworkManager.cs using Guid(87c8583d9afc3c84bbfdb95782e120ec) Importer(815301076,1909f56bfc062723c751e8b465ee728b)  -> (artifact id: '95e90e1af79f87abb1471803985000d6') in 0.081443 seconds
  Import took 0.100936 seconds .

========================================================================
Received Import Request.
  Time since last request: 0.044480 seconds.
  path: Assets/CameraControl.cs
  artifactKey: Guid(07696d5386066bc4aade4631561de242) Importer(815301076,1909f56bfc062723c751e8b465ee728b)
Start importing Assets/CameraControl.cs using Guid(07696d5386066bc4aade4631561de242) Importer(815301076,1909f56bfc062723c751e8b465ee728b)  -> (artifact id: '3d0b453b3ac2ec76f303b25d341ccbbe') in 0.005248 seconds
  Import took 0.007806 seconds .

========================================================================
Received Prepare
Registering precompiled user dll's ...
Registered in 0.032397 seconds.
Begin MonoManager ReloadAssembly
Native extension for WindowsStandalone target not found
Refreshing native plugins compatible for Editor in 0.25 ms, found 0 plugins.
Preloading 0 native plugins for Editor in 0.00 ms.
Mono: successfully reloaded assembly
- Completed reload, in  0.837 seconds
Platform modules already initialized, skipping
Refreshing native plugins compatible for Editor in 0.31 ms, found 0 plugins.
Preloading 0 native plugins for Editor in 0.00 ms.
Unloading 1336 Unused Serialized files (Serialized files now loaded: 0)
System memory in use before: 66.8 MB.
System memory in use after: 66.8 MB.

Unloading 10 unused Assets to reduce memory usage. Loaded Objects now: 1784.
Total: 1.456900 ms (FindLiveObjects: 0.171000 ms CreateObjectMapping: 0.032500 ms MarkObjects: 1.199400 ms  DeleteObjects: 0.053000 ms)

========================================================================
Received Import Request.
  Time since last request: 526.089687 seconds.
  path: Assets/MainScene.unity
  artifactKey: Guid(9fc0d4010bbf28b4594072e72b8655ab) Importer(815301076,1909f56bfc062723c751e8b465ee728b)
Start importing Assets/MainScene.unity using Guid(9fc0d4010bbf28b4594072e72b8655ab) Importer(815301076,1909f56bfc062723c751e8b465ee728b)  -> (artifact id: '6e1237b4ec5f277f144b0fdf54c2b39a') in 0.056795 seconds
  Import took 0.059107 seconds .

========================================================================
Received Prepare
Registering precompiled user dll's ...
Registered in 0.026406 seconds.
Begin MonoManager ReloadAssembly
Native extension for WindowsStandalone target not found
Refreshing native plugins compatible for Editor in 0.27 ms, found 0 plugins.
Preloading 0 native plugins for Editor in 0.00 ms.
Mono: successfully reloaded assembly
- Completed reload, in  0.639 seconds
Platform modules already initialized, skipping
Refreshing native plugins compatible for Editor in 0.28 ms, found 0 plugins.
Preloading 0 native plugins for Editor in 0.00 ms.
Unloading 1336 Unused Serialized files (Serialized files now loaded: 0)
System memory in use before: 66.8 MB.
System memory in use after: 66.9 MB.

Unloading 10 unused Assets to reduce memory usage. Loaded Objects now: 1788.
Total: 1.453100 ms (FindLiveObjects: 0.190400 ms CreateObjectMapping: 0.031500 ms MarkObjects: 1.181700 ms  DeleteObjects: 0.048600 ms)

========================================================================
Received Prepare
Refreshing native plugins compatible for Editor in 1.80 ms, found 0 plugins.
Preloading 0 native plugins for Editor in 0.00 ms.
Unloading 8 Unused Serialized files (Serialized files now loaded: 0)
System memory in use before: 40.5 MB.
System memory in use after: 40.6 MB.

Unloading 8 unused Assets to reduce memory usage. Loaded Objects now: 1788.
Total: 1.684200 ms (FindLiveObjects: 0.163800 ms CreateObjectMapping: 0.034600 ms MarkObjects: 1.437400 ms  DeleteObjects: 0.047400 ms)

========================================================================
Received Prepare
Registering precompiled user dll's ...
Registered in 0.001940 seconds.
Begin MonoManager ReloadAssembly
Native extension for WindowsStandalone target not found
Refreshing native plugins compatible for Editor in 0.25 ms, found 0 plugins.
Preloading 0 native plugins for Editor in 0.00 ms.
Mono: successfully reloaded assembly
- Completed reload, in  0.669 seconds
Platform modules already initialized, skipping
Refreshing native plugins compatible for Editor in 0.25 ms, found 0 plugins.
Preloading 0 native plugins for Editor in 0.00 ms.
Unloading 1336 Unused Serialized files (Serialized files now loaded: 0)
System memory in use before: 66.8 MB.
System memory in use after: 66.9 MB.

Unloading 10 unused Assets to reduce memory usage. Loaded Objects now: 1792.
Total: 1.412700 ms (FindLiveObjects: 0.148400 ms CreateObjectMapping: 0.027100 ms MarkObjects: 1.193300 ms  DeleteObjects: 0.042800 ms)

========================================================================
Received Prepare
Registering precompiled user dll's ...
Registered in 0.002249 seconds.
Begin MonoManager ReloadAssembly
Native extension for WindowsStandalone target not found
Refreshing native plugins compatible for Editor in 0.57 ms, found 0 plugins.
Preloading 0 native plugins for Editor in 0.00 ms.
Mono: successfully reloaded assembly
- Completed reload, in  0.706 seconds
Platform modules already initialized, skipping
Refreshing native plugins compatible for Editor in 0.26 ms, found 0 plugins.
Preloading 0 native plugins for Editor in 0.00 ms.
Unloading 1336 Unused Serialized files (Serialized files now loaded: 0)
System memory in use before: 66.8 MB.
System memory in use after: 66.9 MB.

Unloading 10 unused Assets to reduce memory usage. Loaded Objects now: 1796.
Total: 1.595900 ms (FindLiveObjects: 0.186200 ms CreateObjectMapping: 0.031900 ms MarkObjects: 1.326500 ms  DeleteObjects: 0.050400 ms)

========================================================================
Received Import Request.
  Time since last request: 1707.744485 seconds.
  path: Assets/NetworkManager.cs
  artifactKey: Guid(87c8583d9afc3c84bbfdb95782e120ec) Importer(815301076,1909f56bfc062723c751e8b465ee728b)
Start importing Assets/NetworkManager.cs using Guid(87c8583d9afc3c84bbfdb95782e120ec) Importer(815301076,1909f56bfc062723c751e8b465ee728b)  -> (artifact id: '481fccd195d98bd2a087937a8532dc14') in 0.018519 seconds
  Import took 0.020747 seconds .

========================================================================
Received Import Request.
  Time since last request: 0.001363 seconds.
  path: Assets/NetworkManager.cs
  artifactKey: Guid(87c8583d9afc3c84bbfdb95782e120ec) Importer(815301076,1909f56bfc062723c751e8b465ee728b)
Start importing Assets/NetworkManager.cs using Guid(87c8583d9afc3c84bbfdb95782e120ec) Importer(815301076,1909f56bfc062723c751e8b465ee728b)  -> (artifact id: '481fccd195d98bd2a087937a8532dc14') in 0.002147 seconds
  Import took 0.004109 seconds .

========================================================================
Received Import Request.
  Time since last request: 35.909792 seconds.
  path: Assets/GameManager.cs
  artifactKey: Guid(66270437acccfc1459e3a7d9ac11a6bd) Importer(815301076,1909f56bfc062723c751e8b465ee728b)
Start importing Assets/GameManager.cs using Guid(66270437acccfc1459e3a7d9ac11a6bd) Importer(815301076,1909f56bfc062723c751e8b465ee728b)  -> (artifact id: '9f4921a6c5896a40da8bbe05a74cd0f5') in 0.006417 seconds
  Import took 0.052605 seconds .

========================================================================
Received Prepare
Registering precompiled user dll's ...
Registered in 0.002588 seconds.
Begin MonoManager ReloadAssembly
Native extension for WindowsStandalone target not found
Refreshing native plugins compatible for Editor in 0.27 ms, found 0 plugins.
Preloading 0 native plugins for Editor in 0.00 ms.
Mono: successfully reloaded assembly
- Completed reload, in  0.664 seconds
Platform modules already initialized, skipping
Refreshing native plugins compatible for Editor in 0.28 ms, found 0 plugins.
Preloading 0 native plugins for Editor in 0.00 ms.
Unloading 1337 Unused Serialized files (Serialized files now loaded: 0)
System memory in use before: 66.9 MB.
System memory in use after: 66.9 MB.

Unloading 10 unused Assets to reduce memory usage. Loaded Objects now: 1801.
Total: 1.562100 ms (FindLiveObjects: 0.226000 ms CreateObjectMapping: 0.034800 ms MarkObjects: 1.243300 ms  DeleteObjects: 0.056200 ms)

========================================================================
Received Import Request.
  Time since last request: 78.778671 seconds.
  path: Assets/TestScene.unity
  artifactKey: Guid(ee9d6cdc3c3a1994986347a75909f6f9) Importer(815301076,1909f56bfc062723c751e8b465ee728b)
Start importing Assets/TestScene.unity using Guid(ee9d6cdc3c3a1994986347a75909f6f9) Importer(815301076,1909f56bfc062723c751e8b465ee728b)  -> (artifact id: '61f359977093818696f8b26cddec4590') in 0.014722 seconds
  Import took 0.017388 seconds .

========================================================================
Received Import Request.
  Time since last request: 35.465225 seconds.
  path: Assets/TestScene.unity
  artifactKey: Guid(ee9d6cdc3c3a1994986347a75909f6f9) Importer(815301076,1909f56bfc062723c751e8b465ee728b)
Start importing Assets/TestScene.unity using Guid(ee9d6cdc3c3a1994986347a75909f6f9) Importer(815301076,1909f56bfc062723c751e8b465ee728b)  -> (artifact id: '348b5c9990acd11106718eae9e5312d6') in 0.002488 seconds
  Import took 0.041403 seconds .

========================================================================
Received Prepare
Registering precompiled user dll's ...
Registered in 0.002353 seconds.
Begin MonoManager ReloadAssembly
Native extension for WindowsStandalone target not found
Refreshing native plugins compatible for Editor in 0.30 ms, found 0 plugins.
Preloading 0 native plugins for Editor in 0.00 ms.
Mono: successfully reloaded assembly
- Completed reload, in  0.667 seconds
Platform modules already initialized, skipping
Refreshing native plugins compatible for Editor in 0.28 ms, found 0 plugins.
Preloading 0 native plugins for Editor in 0.00 ms.
Unloading 1337 Unused Serialized files (Serialized files now loaded: 0)
System memory in use before: 66.9 MB.
System memory in use after: 67.0 MB.

Unloading 10 unused Assets to reduce memory usage. Loaded Objects now: 1805.
Total: 1.674400 ms (FindLiveObjects: 0.154600 ms CreateObjectMapping: 0.034400 ms MarkObjects: 1.434200 ms  DeleteObjects: 0.050000 ms)

========================================================================
Received Prepare
Registering precompiled user dll's ...
Registered in 0.002236 seconds.
Begin MonoManager ReloadAssembly
Native extension for WindowsStandalone target not found
Refreshing native plugins compatible for Editor in 0.31 ms, found 0 plugins.
Preloading 0 native plugins for Editor in 0.00 ms.
Mono: successfully reloaded assembly
- Completed reload, in  0.789 seconds
Platform modules already initialized, skipping
Refreshing native plugins compatible for Editor in 0.41 ms, found 0 plugins.
Preloading 0 native plugins for Editor in 0.00 ms.
Unloading 1337 Unused Serialized files (Serialized files now loaded: 0)
System memory in use before: 66.9 MB.
System memory in use after: 67.0 MB.

Unloading 10 unused Assets to reduce memory usage. Loaded Objects now: 1809.
Total: 1.692000 ms (FindLiveObjects: 0.190800 ms CreateObjectMapping: 0.028000 ms MarkObjects: 1.421300 ms  DeleteObjects: 0.050600 ms)

========================================================================
Received Prepare
Refreshing native plugins compatible for Editor in 2.07 ms, found 0 plugins.
Preloading 0 native plugins for Editor in 0.00 ms.
Unloading 8 Unused Serialized files (Serialized files now loaded: 0)
System memory in use before: 40.6 MB.
System memory in use after: 40.7 MB.

Unloading 8 unused Assets to reduce memory usage. Loaded Objects now: 1809.
Total: 1.572500 ms (FindLiveObjects: 0.160600 ms CreateObjectMapping: 0.028200 ms MarkObjects: 1.342600 ms  DeleteObjects: 0.040400 ms)

========================================================================
Received Prepare
Registering precompiled user dll's ...
Registered in 0.002903 seconds.
Begin MonoManager ReloadAssembly
Native extension for WindowsStandalone target not found
Refreshing native plugins compatible for Editor in 0.39 ms, found 0 plugins.
Preloading 0 native plugins for Editor in 0.00 ms.
Mono: successfully reloaded assembly
- Completed reload, in  0.755 seconds
Platform modules already initialized, skipping
Refreshing native plugins compatible for Editor in 0.33 ms, found 0 plugins.
Preloading 0 native plugins for Editor in 0.00 ms.
Unloading 1337 Unused Serialized files (Serialized files now loaded: 0)
System memory in use before: 66.9 MB.
System memory in use after: 67.0 MB.

Unloading 10 unused Assets to reduce memory usage. Loaded Objects now: 1813.
Total: 1.382300 ms (FindLiveObjects: 0.186400 ms CreateObjectMapping: 0.027700 ms MarkObjects: 1.126400 ms  DeleteObjects: 0.040900 ms)

========================================================================
Received Prepare
Refreshing native plugins compatible for Editor in 2.03 ms, found 0 plugins.
Preloading 0 native plugins for Editor in 0.00 ms.
Unloading 8 Unused Serialized files (Serialized files now loaded: 0)
System memory in use before: 40.6 MB.
System memory in use after: 40.7 MB.

Unloading 8 unused Assets to reduce memory usage. Loaded Objects now: 1813.
Total: 1.471400 ms (FindLiveObjects: 0.162400 ms CreateObjectMapping: 0.027200 ms MarkObjects: 1.233100 ms  DeleteObjects: 0.047700 ms)

========================================================================
Received Prepare
Registering precompiled user dll's ...
Registered in 0.003973 seconds.
Begin MonoManager ReloadAssembly
Native extension for WindowsStandalone target not found
Refreshing native plugins compatible for Editor in 0.30 ms, found 0 plugins.
Preloading 0 native plugins for Editor in 0.00 ms.
Mono: successfully reloaded assembly
- Completed reload, in  0.770 seconds
Platform modules already initialized, skipping
Refreshing native plugins compatible for Editor in 0.28 ms, found 0 plugins.
Preloading 0 native plugins for Editor in 0.00 ms.
Unloading 1337 Unused Serialized files (Serialized files now loaded: 0)
System memory in use before: 66.9 MB.
System memory in use after: 67.0 MB.

Unloading 10 unused Assets to reduce memory usage. Loaded Objects now: 1817.
Total: 1.530400 ms (FindLiveObjects: 0.203100 ms CreateObjectMapping: 0.030000 ms MarkObjects: 1.253700 ms  DeleteObjects: 0.042600 ms)

========================================================================
Received Prepare
Registering precompiled user dll's ...
Registered in 0.002834 seconds.
Begin MonoManager ReloadAssembly
Native extension for WindowsStandalone target not found
Refreshing native plugins compatible for Editor in 0.27 ms, found 0 plugins.
Preloading 0 native plugins for Editor in 0.00 ms.
Mono: successfully reloaded assembly
- Completed reload, in  0.702 seconds
Platform modules already initialized, skipping
Refreshing native plugins compatible for Editor in 0.27 ms, found 0 plugins.
Preloading 0 native plugins for Editor in 0.00 ms.
Unloading 1337 Unused Serialized files (Serialized files now loaded: 0)
System memory in use before: 66.9 MB.
System memory in use after: 67.0 MB.

Unloading 10 unused Assets to reduce memory usage. Loaded Objects now: 1821.
Total: 1.565700 ms (FindLiveObjects: 0.169000 ms CreateObjectMapping: 0.031900 ms MarkObjects: 1.320000 ms  DeleteObjects: 0.044000 ms)

========================================================================
Received Prepare
Refreshing native plugins compatible for Editor in 1.81 ms, found 0 plugins.
Preloading 0 native plugins for Editor in 0.00 ms.
Unloading 8 Unused Serialized files (Serialized files now loaded: 0)
System memory in use before: 40.6 MB.
System memory in use after: 40.7 MB.

Unloading 8 unused Assets to reduce memory usage. Loaded Objects now: 1821.
Total: 1.804600 ms (FindLiveObjects: 0.198100 ms CreateObjectMapping: 0.027400 ms MarkObjects: 1.524700 ms  DeleteObjects: 0.053400 ms)

========================================================================
Received Prepare
Registering precompiled user dll's ...
Registered in 0.003607 seconds.
Begin MonoManager ReloadAssembly
Native extension for WindowsStandalone target not found
Refreshing native plugins compatible for Editor in 0.27 ms, found 0 plugins.
Preloading 0 native plugins for Editor in 0.00 ms.
Mono: successfully reloaded assembly
- Completed reload, in  0.735 seconds
Platform modules already initialized, skipping
Refreshing native plugins compatible for Editor in 0.27 ms, found 0 plugins.
Preloading 0 native plugins for Editor in 0.00 ms.
Unloading 1337 Unused Serialized files (Serialized files now loaded: 0)
System memory in use before: 66.9 MB.
System memory in use after: 67.0 MB.

Unloading 10 unused Assets to reduce memory usage. Loaded Objects now: 1825.
Total: 2.078300 ms (FindLiveObjects: 0.355800 ms CreateObjectMapping: 0.054000 ms MarkObjects: 1.607800 ms  DeleteObjects: 0.059800 ms)

========================================================================
Received Prepare
Registering precompiled user dll's ...
Registered in 0.003070 seconds.
Begin MonoManager ReloadAssembly
Native extension for WindowsStandalone target not found
Refreshing native plugins compatible for Editor in 0.29 ms, found 0 plugins.
Preloading 0 native plugins for Editor in 0.00 ms.
Mono: successfully reloaded assembly
- Completed reload, in  0.749 seconds
Platform modules already initialized, skipping
Refreshing native plugins compatible for Editor in 0.30 ms, found 0 plugins.
Preloading 0 native plugins for Editor in 0.00 ms.
Unloading 1337 Unused Serialized files (Serialized files now loaded: 0)
System memory in use before: 66.9 MB.
System memory in use after: 67.0 MB.

Unloading 10 unused Assets to reduce memory usage. Loaded Objects now: 1829.
Total: 1.630900 ms (FindLiveObjects: 0.194800 ms CreateObjectMapping: 0.028200 ms MarkObjects: 1.364900 ms  DeleteObjects: 0.042100 ms)

========================================================================
Received Prepare
Registering precompiled user dll's ...
Registered in 0.003361 seconds.
Begin MonoManager ReloadAssembly
Native extension for WindowsStandalone target not found
Refreshing native plugins compatible for Editor in 0.27 ms, found 0 plugins.
Preloading 0 native plugins for Editor in 0.00 ms.
Mono: successfully reloaded assembly
- Completed reload, in  0.664 seconds
Platform modules already initialized, skipping
Refreshing native plugins compatible for Editor in 0.26 ms, found 0 plugins.
Preloading 0 native plugins for Editor in 0.00 ms.
Unloading 1337 Unused Serialized files (Serialized files now loaded: 0)
System memory in use before: 66.9 MB.
System memory in use after: 67.0 MB.

Unloading 10 unused Assets to reduce memory usage. Loaded Objects now: 1833.
Total: 1.518600 ms (FindLiveObjects: 0.202900 ms CreateObjectMapping: 0.030100 ms MarkObjects: 1.235300 ms  DeleteObjects: 0.049300 ms)

========================================================================
Received Prepare
Registering precompiled user dll's ...
Registered in 0.003015 seconds.
Begin MonoManager ReloadAssembly
Native extension for WindowsStandalone target not found
Refreshing native plugins compatible for Editor in 0.40 ms, found 0 plugins.
Preloading 0 native plugins for Editor in 0.00 ms.
Mono: successfully reloaded assembly
- Completed reload, in  0.790 seconds
Platform modules already initialized, skipping
Refreshing native plugins compatible for Editor in 0.31 ms, found 0 plugins.
Preloading 0 native plugins for Editor in 0.00 ms.
Unloading 1337 Unused Serialized files (Serialized files now loaded: 0)
System memory in use before: 67.0 MB.
System memory in use after: 67.0 MB.

Unloading 10 unused Assets to reduce memory usage. Loaded Objects now: 1837.
Total: 1.994900 ms (FindLiveObjects: 0.228200 ms CreateObjectMapping: 0.030200 ms MarkObjects: 1.602800 ms  DeleteObjects: 0.132400 ms)

========================================================================
Received Prepare
Refreshing native plugins compatible for Editor in 2.29 ms, found 0 plugins.
Preloading 0 native plugins for Editor in 0.00 ms.
Unloading 8 Unused Serialized files (Serialized files now loaded: 0)
System memory in use before: 40.6 MB.
System memory in use after: 40.7 MB.

Unloading 8 unused Assets to reduce memory usage. Loaded Objects now: 1837.
Total: 1.964800 ms (FindLiveObjects: 0.193300 ms CreateObjectMapping: 0.039400 ms MarkObjects: 1.673300 ms  DeleteObjects: 0.057300 ms)

========================================================================
Received Prepare
Registering precompiled user dll's ...
Registered in 0.003717 seconds.
Begin MonoManager ReloadAssembly
Native extension for WindowsStandalone target not found
Refreshing native plugins compatible for Editor in 0.33 ms, found 0 plugins.
Preloading 0 native plugins for Editor in 0.00 ms.
Mono: successfully reloaded assembly
- Completed reload, in  0.788 seconds
Platform modules already initialized, skipping
Refreshing native plugins compatible for Editor in 0.27 ms, found 0 plugins.
Preloading 0 native plugins for Editor in 0.00 ms.
Unloading 1337 Unused Serialized files (Serialized files now loaded: 0)
System memory in use before: 67.0 MB.
System memory in use after: 67.0 MB.

Unloading 10 unused Assets to reduce memory usage. Loaded Objects now: 1841.
Total: 1.461500 ms (FindLiveObjects: 0.221300 ms CreateObjectMapping: 0.035700 ms MarkObjects: 1.160100 ms  DeleteObjects: 0.042800 ms)

========================================================================
Received Prepare
Registering precompiled user dll's ...
Registered in 0.003187 seconds.
Begin MonoManager ReloadAssembly
Native extension for WindowsStandalone target not found
Refreshing native plugins compatible for Editor in 0.28 ms, found 0 plugins.
Preloading 0 native plugins for Editor in 0.00 ms.
Mono: successfully reloaded assembly
- Completed reload, in  0.659 seconds
Platform modules already initialized, skipping
Refreshing native plugins compatible for Editor in 0.26 ms, found 0 plugins.
Preloading 0 native plugins for Editor in 0.00 ms.
Unloading 1337 Unused Serialized files (Serialized files now loaded: 0)
System memory in use before: 67.0 MB.
System memory in use after: 67.0 MB.

Unloading 10 unused Assets to reduce memory usage. Loaded Objects now: 1845.
Total: 1.634800 ms (FindLiveObjects: 0.218800 ms CreateObjectMapping: 0.036000 ms MarkObjects: 1.334800 ms  DeleteObjects: 0.043900 ms)

========================================================================
Received Prepare
Refreshing native plugins compatible for Editor in 2.34 ms, found 0 plugins.
Preloading 0 native plugins for Editor in 0.00 ms.
Unloading 8 Unused Serialized files (Serialized files now loaded: 0)
System memory in use before: 40.6 MB.
System memory in use after: 40.7 MB.

Unloading 8 unused Assets to reduce memory usage. Loaded Objects now: 1845.
Total: 1.693800 ms (FindLiveObjects: 0.180300 ms CreateObjectMapping: 0.029000 ms MarkObjects: 1.436700 ms  DeleteObjects: 0.046700 ms)

========================================================================
Received Prepare
Registering precompiled user dll's ...
Registered in 0.002861 seconds.
Begin MonoManager ReloadAssembly
Native extension for WindowsStandalone target not found
Refreshing native plugins compatible for Editor in 0.50 ms, found 0 plugins.
Preloading 0 native plugins for Editor in 0.00 ms.
Mono: successfully reloaded assembly
- Completed reload, in  1.059 seconds
Platform modules already initialized, skipping
Refreshing native plugins compatible for Editor in 0.34 ms, found 0 plugins.
Preloading 0 native plugins for Editor in 0.00 ms.
Unloading 1337 Unused Serialized files (Serialized files now loaded: 0)
System memory in use before: 67.0 MB.
System memory in use after: 67.1 MB.

Unloading 10 unused Assets to reduce memory usage. Loaded Objects now: 1849.
Total: 1.911300 ms (FindLiveObjects: 0.246600 ms CreateObjectMapping: 0.041700 ms MarkObjects: 1.580000 ms  DeleteObjects: 0.041800 ms)

========================================================================
Received Prepare
Registering precompiled user dll's ...
Registered in 0.002281 seconds.
Begin MonoManager ReloadAssembly
Native extension for WindowsStandalone target not found
Refreshing native plugins compatible for Editor in 0.26 ms, found 0 plugins.
Preloading 0 native plugins for Editor in 0.00 ms.
Mono: successfully reloaded assembly
- Completed reload, in  0.656 seconds
Platform modules already initialized, skipping
Refreshing native plugins compatible for Editor in 0.26 ms, found 0 plugins.
Preloading 0 native plugins for Editor in 0.00 ms.
Unloading 1337 Unused Serialized files (Serialized files now loaded: 0)
System memory in use before: 67.0 MB.
System memory in use after: 67.1 MB.

Unloading 10 unused Assets to reduce memory usage. Loaded Objects now: 1853.
Total: 1.617600 ms (FindLiveObjects: 0.160200 ms CreateObjectMapping: 0.028000 ms MarkObjects: 1.380900 ms  DeleteObjects: 0.047400 ms)

========================================================================
Received Prepare
Refreshing native plugins compatible for Editor in 1.81 ms, found 0 plugins.
Preloading 0 native plugins for Editor in 0.00 ms.
Unloading 8 Unused Serialized files (Serialized files now loaded: 0)
System memory in use before: 40.7 MB.
System memory in use after: 40.7 MB.

Unloading 8 unused Assets to reduce memory usage. Loaded Objects now: 1853.
Total: 1.538600 ms (FindLiveObjects: 0.232100 ms CreateObjectMapping: 0.034600 ms MarkObjects: 1.225600 ms  DeleteObjects: 0.045300 ms)

========================================================================
Received Prepare
Registering precompiled user dll's ...
Registered in 0.004123 seconds.
Begin MonoManager ReloadAssembly
Native extension for WindowsStandalone target not found
Refreshing native plugins compatible for Editor in 0.40 ms, found 0 plugins.
Preloading 0 native plugins for Editor in 0.00 ms.
Mono: successfully reloaded assembly
- Completed reload, in  1.196 seconds
Platform modules already initialized, skipping
Refreshing native plugins compatible for Editor in 0.52 ms, found 0 plugins.
Preloading 0 native plugins for Editor in 0.00 ms.
Unloading 1337 Unused Serialized files (Serialized files now loaded: 0)
System memory in use before: 67.0 MB.
System memory in use after: 67.1 MB.

Unloading 10 unused Assets to reduce memory usage. Loaded Objects now: 1857.
Total: 1.748800 ms (FindLiveObjects: 0.207100 ms CreateObjectMapping: 0.028900 ms MarkObjects: 1.470800 ms  DeleteObjects: 0.041200 ms)

========================================================================
Received Import Request.
  Time since last request: 1364.098852 seconds.
  path: Assets/TestScene.unity
  artifactKey: Guid(ee9d6cdc3c3a1994986347a75909f6f9) Importer(815301076,1909f56bfc062723c751e8b465ee728b)
Start importing Assets/TestScene.unity using Guid(ee9d6cdc3c3a1994986347a75909f6f9) Importer(815301076,1909f56bfc062723c751e8b465ee728b)  -> (artifact id: '7acc81a1b930af03648aa8cc7ae7c97a') in 0.009591 seconds
  Import took 0.011858 seconds .

========================================================================
Received Prepare
Registering precompiled user dll's ...
Registered in 0.002807 seconds.
Begin MonoManager ReloadAssembly
Native extension for WindowsStandalone target not found
Refreshing native plugins compatible for Editor in 0.27 ms, found 0 plugins.
Preloading 0 native plugins for Editor in 0.00 ms.
Mono: successfully reloaded assembly
- Completed reload, in  0.878 seconds
Platform modules already initialized, skipping
Refreshing native plugins compatible for Editor in 0.28 ms, found 0 plugins.
Preloading 0 native plugins for Editor in 0.00 ms.
Unloading 1337 Unused Serialized files (Serialized files now loaded: 0)
System memory in use before: 67.0 MB.
System memory in use after: 67.1 MB.

Unloading 10 unused Assets to reduce memory usage. Loaded Objects now: 1861.
Total: 1.507200 ms (FindLiveObjects: 0.188800 ms CreateObjectMapping: 0.027400 ms MarkObjects: 1.231900 ms  DeleteObjects: 0.058400 ms)

========================================================================
Received Prepare
Refreshing native plugins compatible for Editor in 2.18 ms, found 0 plugins.
Preloading 0 native plugins for Editor in 0.00 ms.
Unloading 8 Unused Serialized files (Serialized files now loaded: 0)
System memory in use before: 40.7 MB.
System memory in use after: 40.8 MB.

Unloading 8 unused Assets to reduce memory usage. Loaded Objects now: 1861.
Total: 1.892700 ms (FindLiveObjects: 0.230400 ms CreateObjectMapping: 0.036000 ms MarkObjects: 1.574400 ms  DeleteObjects: 0.050800 ms)

========================================================================
Received Prepare
Registering precompiled user dll's ...
Registered in 0.002522 seconds.
Begin MonoManager ReloadAssembly
Native extension for WindowsStandalone target not found
Refreshing native plugins compatible for Editor in 0.26 ms, found 0 plugins.
Preloading 0 native plugins for Editor in 0.00 ms.
Mono: successfully reloaded assembly
- Completed reload, in  0.665 seconds
Platform modules already initialized, skipping
Refreshing native plugins compatible for Editor in 0.27 ms, found 0 plugins.
Preloading 0 native plugins for Editor in 0.00 ms.
Unloading 1337 Unused Serialized files (Serialized files now loaded: 0)
System memory in use before: 67.0 MB.
System memory in use after: 67.1 MB.

Unloading 10 unused Assets to reduce memory usage. Loaded Objects now: 1865.
Total: 1.545000 ms (FindLiveObjects: 0.172800 ms CreateObjectMapping: 0.028600 ms MarkObjects: 1.300200 ms  DeleteObjects: 0.042700 ms)

========================================================================
Received Prepare
Registering precompiled user dll's ...
Registered in 0.002705 seconds.
Begin MonoManager ReloadAssembly
Native extension for WindowsStandalone target not found
Refreshing native plugins compatible for Editor in 0.28 ms, found 0 plugins.
Preloading 0 native plugins for Editor in 0.00 ms.
Mono: successfully reloaded assembly
- Completed reload, in  0.712 seconds
Platform modules already initialized, skipping
Refreshing native plugins compatible for Editor in 0.28 ms, found 0 plugins.
Preloading 0 native plugins for Editor in 0.00 ms.
Unloading 1337 Unused Serialized files (Serialized files now loaded: 0)
System memory in use before: 67.0 MB.
System memory in use after: 67.1 MB.

Unloading 10 unused Assets to reduce memory usage. Loaded Objects now: 1869.
Total: 1.514200 ms (FindLiveObjects: 0.173300 ms CreateObjectMapping: 0.027200 ms MarkObjects: 1.268800 ms  DeleteObjects: 0.044000 ms)

========================================================================
Received Import Request.
  Time since last request: 81.415210 seconds.
  path: Assets/Photon
  artifactKey: Guid(98951132346795f438babe7a3183da43) Importer(815301076,1909f56bfc062723c751e8b465ee728b)
Start importing Assets/Photon using Guid(98951132346795f438babe7a3183da43) Importer(815301076,1909f56bfc062723c751e8b465ee728b)  -> (artifact id: 'a9254dc48334769337c5a26d0975457c') in 0.042168 seconds
  Import took 0.044513 seconds .

========================================================================
Received Import Request.
  Time since last request: 2.494513 seconds.
  path: Assets/Photon/PhotonNetworking-Documentation.pdf
  artifactKey: Guid(c285a840e88d74462a18710772dc4bfb) Importer(815301076,1909f56bfc062723c751e8b465ee728b)
Start importing Assets/Photon/PhotonNetworking-Documentation.pdf using Guid(c285a840e88d74462a18710772dc4bfb) Importer(815301076,1909f56bfc062723c751e8b465ee728b)  -> (artifact id: '30ddc40e767079d93a4de9e041d2dd9f') in 0.023482 seconds
  Import took 0.025631 seconds .

========================================================================
Received Import Request.
  Time since last request: 0.213170 seconds.
  path: Assets/Photon/PhotonUnityNetworking
  artifactKey: Guid(d2b6672cc770a19438ff06fcb2637630) Importer(815301076,1909f56bfc062723c751e8b465ee728b)
Start importing Assets/Photon/PhotonUnityNetworking using Guid(d2b6672cc770a19438ff06fcb2637630) Importer(815301076,1909f56bfc062723c751e8b465ee728b)  -> (artifact id: 'adbc2b00c468461d1459523f0e06035d') in 0.019679 seconds
  Import took 0.021873 seconds .

========================================================================
Received Import Request.
  Time since last request: 0.250075 seconds.
  path: Assets/Photon/PhotonLibs
  artifactKey: Guid(ee1734b1a7bac244bb5f15ecd778b5f2) Importer(815301076,1909f56bfc062723c751e8b465ee728b)
Start importing Assets/Photon/PhotonLibs using Guid(ee1734b1a7bac244bb5f15ecd778b5f2) Importer(815301076,1909f56bfc062723c751e8b465ee728b)  -> (artifact id: 'ea857393d567a05426211fde39fe58af') in 0.005925 seconds
  Import took 0.008460 seconds .

========================================================================
Received Import Request.
  Time since last request: 192.178017 seconds.
  path: Assets/TestScene.unity
  artifactKey: Guid(ee9d6cdc3c3a1994986347a75909f6f9) Importer(815301076,1909f56bfc062723c751e8b465ee728b)
Start importing Assets/TestScene.unity using Guid(ee9d6cdc3c3a1994986347a75909f6f9) Importer(815301076,1909f56bfc062723c751e8b465ee728b)  -> (artifact id: '977d167c62c3d290ebff2423c238e2c7') in 0.002708 seconds
  Import took 0.005598 seconds .

========================================================================
Received Prepare
Registering precompiled user dll's ...
Registered in 0.002185 seconds.
Begin MonoManager ReloadAssembly
Native extension for WindowsStandalone target not found
Refreshing native plugins compatible for Editor in 0.29 ms, found 0 plugins.
Preloading 0 native plugins for Editor in 0.00 ms.
Mono: successfully reloaded assembly
- Completed reload, in  0.662 seconds
Platform modules already initialized, skipping
Refreshing native plugins compatible for Editor in 0.28 ms, found 0 plugins.
Preloading 0 native plugins for Editor in 0.00 ms.
Unloading 1337 Unused Serialized files (Serialized files now loaded: 0)
System memory in use before: 67.0 MB.
System memory in use after: 67.1 MB.

Unloading 10 unused Assets to reduce memory usage. Loaded Objects now: 1873.
Total: 1.523300 ms (FindLiveObjects: 0.194900 ms CreateObjectMapping: 0.030900 ms MarkObjects: 1.251900 ms  DeleteObjects: 0.044900 ms)

========================================================================
Received Prepare
Registering precompiled user dll's ...
Registered in 0.002053 seconds.
Begin MonoManager ReloadAssembly
Native extension for WindowsStandalone target not found
Refreshing native plugins compatible for Editor in 0.27 ms, found 0 plugins.
Preloading 0 native plugins for Editor in 0.00 ms.
Mono: successfully reloaded assembly
- Completed reload, in  0.746 seconds
Platform modules already initialized, skipping
Refreshing native plugins compatible for Editor in 0.29 ms, found 0 plugins.
Preloading 0 native plugins for Editor in 0.00 ms.
Unloading 1337 Unused Serialized files (Serialized files now loaded: 0)
System memory in use before: 67.1 MB.
System memory in use after: 67.1 MB.

Unloading 10 unused Assets to reduce memory usage. Loaded Objects now: 1877.
Total: 1.772700 ms (FindLiveObjects: 0.231500 ms CreateObjectMapping: 0.038200 ms MarkObjects: 1.449100 ms  DeleteObjects: 0.052900 ms)

========================================================================
Received Prepare
Refreshing native plugins compatible for Editor in 1.68 ms, found 0 plugins.
Preloading 0 native plugins for Editor in 0.00 ms.
Unloading 8 Unused Serialized files (Serialized files now loaded: 0)
System memory in use before: 40.7 MB.
System memory in use after: 40.8 MB.

Unloading 8 unused Assets to reduce memory usage. Loaded Objects now: 1877.
Total: 1.608700 ms (FindLiveObjects: 0.273300 ms CreateObjectMapping: 0.037200 ms MarkObjects: 1.248900 ms  DeleteObjects: 0.048400 ms)

========================================================================
Received Prepare
Registering precompiled user dll's ...
Registered in 0.003154 seconds.
Begin MonoManager ReloadAssembly
Native extension for WindowsStandalone target not found
Refreshing native plugins compatible for Editor in 0.27 ms, found 0 plugins.
Preloading 0 native plugins for Editor in 0.00 ms.
Mono: successfully reloaded assembly
- Completed reload, in  0.693 seconds
Platform modules already initialized, skipping
Refreshing native plugins compatible for Editor in 0.27 ms, found 0 plugins.
Preloading 0 native plugins for Editor in 0.00 ms.
Unloading 1337 Unused Serialized files (Serialized files now loaded: 0)
System memory in use before: 67.1 MB.
System memory in use after: 67.1 MB.

Unloading 10 unused Assets to reduce memory usage. Loaded Objects now: 1881.
Total: 1.763200 ms (FindLiveObjects: 0.327800 ms CreateObjectMapping: 0.054700 ms MarkObjects: 1.332100 ms  DeleteObjects: 0.046800 ms)

========================================================================
Received Prepare
Registering precompiled user dll's ...
Registered in 0.002236 seconds.
Begin MonoManager ReloadAssembly
Native extension for WindowsStandalone target not found
Refreshing native plugins compatible for Editor in 0.27 ms, found 0 plugins.
Preloading 0 native plugins for Editor in 0.00 ms.
Mono: successfully reloaded assembly
- Completed reload, in  0.703 seconds
Platform modules already initialized, skipping
Refreshing native plugins compatible for Editor in 0.26 ms, found 0 plugins.
Preloading 0 native plugins for Editor in 0.00 ms.
Unloading 1337 Unused Serialized files (Serialized files now loaded: 0)
System memory in use before: 67.1 MB.
System memory in use after: 67.1 MB.

Unloading 10 unused Assets to reduce memory usage. Loaded Objects now: 1885.
Total: 1.518200 ms (FindLiveObjects: 0.185700 ms CreateObjectMapping: 0.029900 ms MarkObjects: 1.255500 ms  DeleteObjects: 0.045700 ms)

========================================================================
Received Prepare
Refreshing native plugins compatible for Editor in 1.70 ms, found 0 plugins.
Preloading 0 native plugins for Editor in 0.00 ms.
Unloading 8 Unused Serialized files (Serialized files now loaded: 0)
System memory in use before: 40.7 MB.
System memory in use after: 40.8 MB.

Unloading 8 unused Assets to reduce memory usage. Loaded Objects now: 1885.
Total: 1.425500 ms (FindLiveObjects: 0.169600 ms CreateObjectMapping: 0.030900 ms MarkObjects: 1.179300 ms  DeleteObjects: 0.044500 ms)

========================================================================
Received Prepare
Registering precompiled user dll's ...
Registered in 0.003517 seconds.
Begin MonoManager ReloadAssembly
Native extension for WindowsStandalone target not found
Refreshing native plugins compatible for Editor in 0.30 ms, found 0 plugins.
Preloading 0 native plugins for Editor in 0.00 ms.
Mono: successfully reloaded assembly
- Completed reload, in  0.911 seconds
Platform modules already initialized, skipping
Refreshing native plugins compatible for Editor in 0.31 ms, found 0 plugins.
Preloading 0 native plugins for Editor in 0.00 ms.
Unloading 1337 Unused Serialized files (Serialized files now loaded: 0)
System memory in use before: 67.1 MB.
System memory in use after: 67.2 MB.

Unloading 10 unused Assets to reduce memory usage. Loaded Objects now: 1889.
Total: 1.785800 ms (FindLiveObjects: 0.252800 ms CreateObjectMapping: 0.036500 ms MarkObjects: 1.429300 ms  DeleteObjects: 0.066300 ms)

========================================================================
Received Prepare
Registering precompiled user dll's ...
Registered in 0.002248 seconds.
Begin MonoManager ReloadAssembly
Native extension for WindowsStandalone target not found
Refreshing native plugins compatible for Editor in 0.25 ms, found 0 plugins.
Preloading 0 native plugins for Editor in 0.00 ms.
Mono: successfully reloaded assembly
- Completed reload, in  0.642 seconds
Platform modules already initialized, skipping
Refreshing native plugins compatible for Editor in 0.25 ms, found 0 plugins.
Preloading 0 native plugins for Editor in 0.00 ms.
Unloading 1337 Unused Serialized files (Serialized files now loaded: 0)
System memory in use before: 67.1 MB.
System memory in use after: 67.2 MB.

Unloading 10 unused Assets to reduce memory usage. Loaded Objects now: 1893.
Total: 1.624700 ms (FindLiveObjects: 0.249000 ms CreateObjectMapping: 0.031400 ms MarkObjects: 1.291500 ms  DeleteObjects: 0.050100 ms)

========================================================================
Received Prepare
Refreshing native plugins compatible for Editor in 1.68 ms, found 0 plugins.
Preloading 0 native plugins for Editor in 0.00 ms.
Unloading 8 Unused Serialized files (Serialized files now loaded: 0)
System memory in use before: 40.8 MB.
System memory in use after: 40.8 MB.

Unloading 8 unused Assets to reduce memory usage. Loaded Objects now: 1893.
Total: 1.383000 ms (FindLiveObjects: 0.185400 ms CreateObjectMapping: 0.032100 ms MarkObjects: 1.124900 ms  DeleteObjects: 0.039700 ms)

========================================================================
Received Prepare
Registering precompiled user dll's ...
Registered in 0.002075 seconds.
Begin MonoManager ReloadAssembly
Native extension for WindowsStandalone target not found
Refreshing native plugins compatible for Editor in 0.27 ms, found 0 plugins.
Preloading 0 native plugins for Editor in 0.00 ms.
Mono: successfully reloaded assembly
- Completed reload, in  0.739 seconds
Platform modules already initialized, skipping
Refreshing native plugins compatible for Editor in 0.26 ms, found 0 plugins.
Preloading 0 native plugins for Editor in 0.00 ms.
Unloading 1337 Unused Serialized files (Serialized files now loaded: 0)
System memory in use before: 67.1 MB.
System memory in use after: 67.2 MB.

Unloading 10 unused Assets to reduce memory usage. Loaded Objects now: 1897.
Total: 1.807800 ms (FindLiveObjects: 0.195600 ms CreateObjectMapping: 0.031800 ms MarkObjects: 1.511100 ms  DeleteObjects: 0.068200 ms)

========================================================================
Received Prepare
Registering precompiled user dll's ...
Registered in 0.002318 seconds.
Begin MonoManager ReloadAssembly
Native extension for WindowsStandalone target not found
Refreshing native plugins compatible for Editor in 0.26 ms, found 0 plugins.
Preloading 0 native plugins for Editor in 0.00 ms.
Mono: successfully reloaded assembly
- Completed reload, in  0.638 seconds
Platform modules already initialized, skipping
Refreshing native plugins compatible for Editor in 0.27 ms, found 0 plugins.
Preloading 0 native plugins for Editor in 0.00 ms.
Unloading 1337 Unused Serialized files (Serialized files now loaded: 0)
System memory in use before: 67.1 MB.
System memory in use after: 67.2 MB.

Unloading 10 unused Assets to reduce memory usage. Loaded Objects now: 1901.
Total: 1.413500 ms (FindLiveObjects: 0.187900 ms CreateObjectMapping: 0.035300 ms MarkObjects: 1.148800 ms  DeleteObjects: 0.040500 ms)

AssetImportWorkerClient::OnTransportError - code=2 error=End of file
